[www.bupkis.org/index.html]
[backblue.gif]
[fade.gif]
[index.html]
[www.bupkis.org/index.html]
[www.bupkis.org/index.php/wp-json/index.html]
[www.bupkis.org/index.php/feed]
[www.bupkis.org/index.php/comments/feed]
[fonts.googleapis.com/index.html]
[fonts.gstatic.com/index.html]
[www.bupkis.org/index.php/wp-json/wp/v2/pages/5986.json]
[www.bupkis.org/xmlrpc0db0.php]
[www.bupkis.org/index.php/friends.html]
[fonts.googleapis.com/index.html]
[fonts.googleapis.com/css58da.css]
[www.bupkis.org/index.php/wp-json/oembed/1.0/embed95a8.json]
[www.bupkis.org/index.php/wp-json/oembed/1.0/embed8856]
[www.bupkis.org/index.php/friends.html]
[www.bupkis.org/index.php/friends/humans.html]
[www.bupkis.org/index.php/friends/molson.html]
[www.bupkis.org/index.php/friends/russell.html]
[www.bupkis.org/index.php/friends/sam.html]
[www.bupkis.org/index.php/recipes-2/pizza-index/pizza-dough.html]
[www.bupkis.org/index.php/recipes-2/pizza-index/tomato-sauce.html]
[www.bupkis.org/index.php/recipes-2/sauces/basil-pesto.html]
[www.bupkis.org/index.php/recipes-2/pizza-index/broccoli-garlic-pizza.html]
[www.bupkis.org/index.php/recipes-2/pizza-index/roasted-red-pepper-sausage-mushroom-pizza.html]
[www.bupkis.org/index.php/recipes-2/pizza-index/pesto-garlic-pizza.html]
[www.bupkis.org/index.php/recipes-2/appetizers/gambas-ajillo-garlic-shrimp.html]
[www.bupkis.org/index.php/recipes-2/appetizers/guacamole.html]
[www.bupkis.org/index.php/recipes-2/appetizers/lemon-garlic-hummus.html]
[www.bupkis.org/index.php/recipes-2/appetizers/roasted-garlic-and-lemon-hummus.html]
[www.bupkis.org/index.php/recipes-2/appetizers/awesome-potato-latkes.html]
[www.bupkis.org/index.php/recipes-2/appetizers/shrimp-cocktail.html]
[www.bupkis.org/index.php/beijing-style-moo-shu-pork.html]
[www.bupkis.org/index.php/recipes-2/entrees/aunt-josies-special-from-aunt-josies-restaurant-syracuse-ny.html]
[www.bupkis.org/index.php/recipes-2/entrees/baked-stuffed-shells-with-cheese.html]
[www.bupkis.org/index.php/recipes-2/entrees/basil-pesto-penne-with-chicken-and-mushrooms.html]
[www.bupkis.org/index.php/recipes-2/entrees/beef-stew.html]
[www.bupkis.org/index.php/recipes-2/entrees/chicken-andouille-sausage-gumbo-giant-pot.html]
[www.bupkis.org/index.php/recipes-2/entrees/chicken-and-smoked-sausage-gumbo.html]
[www.bupkis.org/index.php/recipes-2/entrees/chipotle-garlic-shrimp.html]
[www.bupkis.org/index.php/recipes-2/entrees/chicken-spiedies.html]
[www.bupkis.org/index.php/emeril-lagasses-rustic-rub-recipe.html]
[www.bupkis.org/index.php/recipes-2/entrees/falafel-with-tahini-sauce.html]
[www.bupkis.org/index.php/recipes-2/entrees/jewish-corned-beef.html]
[www.bupkis.org/index.php/recipes-2/entrees/oven-fried-baked-falafel.html]
[www.bupkis.org/index.php/recipes-2/entrees/my-egg-mcmuffin.html]
[www.bupkis.org/index.php/recipes-2/entrees/pan-seared-scallops.html]
[www.bupkis.org/index.php/recipes-2/entrees/roasted-chicken-and-potatoes.html]
[www.bupkis.org/index.php/recipes-2/entrees/shrimp-on-the-barbie.html]
[www.bupkis.org/index.php/recipes-2/entrees/shrimp-scampi.html]
[www.bupkis.org/index.php/recipes-2/entrees/turkey-burgers.html]
[www.bupkis.org/index.php/recipes-2/entrees/turkey-meatballs.html]
[www.bupkis.org/index.php/recipes-2/entrees/turkey-meatballs-5lb-package.html]
[www.bupkis.org/index.php/recipes-2/entrees/white-chicken-chili.html]
[www.bupkis.org/index.php/recipes-2/side-dishes/couscous-pine-nuts.html]
[www.bupkis.org/index.php/recipes-2/side-dishes/garlic-rosemary-roasted-potatoes.html]
[www.bupkis.org/index.php/recipes-2/side-dishes/mashed-potatoes.html]
[www.bupkis.org/index.php/recipes-2/side-dishes/mexican-yellow-rice.html]
[www.bupkis.org/index.php/recipes-2/side-dishes/mexican-yellow-rice-wcorn.html]
[www.bupkis.org/index.php/recipes-2/side-dishes/napa-cabbage-kimchi-kimchee.html]
[www.bupkis.org/index.php/recipes-2/side-dishes/lokshen-kugel-noodle-kugel.html]
[www.bupkis.org/index.php/recipes-2/side-dishes/roasted-butternut-squash-with-parmesan-lemon-sage.html]
[www.bupkis.org/index.php/recipes-2/side-dishes/roasted-vegetables.html]
[www.bupkis.org/index.php/recipes-2/snacks/kettle-corn.html]
[www.bupkis.org/index.php/recipes-2/snacks/movie-theater-popcorn.html]
[www.bupkis.org/index.php/recipes-2/snacks/popcorn-salt.html]
[www.bupkis.org/index.php/tamales-with-vegetable-oil-instead-of-lard.html]
[www.bupkis.org/index.php/recipes-2/favorites/spectacular-homemade-bread-without-a-dough-mixer.html]
[www.bupkis.org/index.php/recipes-2/favorites/banana-bread.html]
[www.bupkis.org/index.php/recipes-2/favorites/crusty-italian-bread.html]
[www.bupkis.org/index.php/recipes-2/favorites/challah.html]
[www.bupkis.org/index.php/recipes-2/favorites/ciabatta-bread.html]
[www.bupkis.org/index.php/recipes-2/favorites/spoon-bread.html]
[www.bupkis.org/index.php/recipes-2/favorites/popovers-makes-6.html]
[www.bupkis.org/index.php/alton-browns-taco-potion-19.html]
[www.bupkis.org/index.php/recipes-2/sauces/cucumber-yogurt-sauce.html]
[www.bupkis.org/index.php/spicy-barbecue-sauce.html]
[www.bupkis.org/index.php/recipes-2/sauces/fresh-ground-horseradish.html]
[www.bupkis.org/index.php/guinness-and-chili-garlic-mustard.html]
[www.bupkis.org/index.php/recipes-2/guinness-horseradish-and-sriracha-mustard.html]
[www.bupkis.org/index.php/recipes-2/sauces/whipped-cream.html]
[www.bupkis.org/index.php/recipes-2/soups-2/16-bean-soup-with-bacon.html]
[www.bupkis.org/index.php/recipes-2/soups-2/bean-and-sausage-soup.html]
[www.bupkis.org/index.php/recipes-2/soups-2/bean-and-sausage-soup-pressure-cooker.html]
[www.bupkis.org/index.php/recipes-2/soups-2/black-bean-soup.html]
[www.bupkis.org/index.php/recipes-2/soups-2/black-beans-and-rice.html]
[www.bupkis.org/index.php/recipes-2/soups-2/butternut-squash-soup.html]
[www.bupkis.org/index.php/recipes-2/soups-2/chicken-pastina-soup-with-escarole.html]
[www.bupkis.org/index.php/recipes-2/soups-2/the-best-chicken-soup-in-the-world.html]
[www.bupkis.org/index.php/recipes-2/soups-2/chicken-soup-pressure-cooker.html]
[www.bupkis.org/index.php/recipes-2/soups-2/chicken-soup-shhh-dont-tell.html]
[www.bupkis.org/index.php/recipes-2/soups-2/matzo-balls.html]
[www.bupkis.org/index.php/recipes-2/soups-2/matzoh-meal-recipe-how-to-make-matzoh-meal.html]
[www.bupkis.org/index.php/recipes-2/soups-2/cream-of-mushroom-soup-with-sausage-and-barley.html]
[www.bupkis.org/index.php/recipes-2/soups-2/french-onion-soup-gratinee.html]
[www.bupkis.org/index.php/recipes-2/soups-2/lemon-chicken-and-rice-soup.html]
[www.bupkis.org/index.php/recipes-2/soups-2/lentil-and-italian-sausage-soup-pressure-cooker.html]
[www.bupkis.org/index.php/recipes-2/soups-2/potato-leek-soup.html]
[www.bupkis.org/index.php/recipes-2/soups-2/sams-club-leftover-chicken-soup-with-matzoh-balls.html]
[www.bupkis.org/index.php/recipes-2/soups-2/turkey-sausage-white-bean-and-butternut-squash-soup.html]
[www.bupkis.org/index.php/recipes-2/soups-2/italian-sausage-potato-and-kale-soup-olive-garden-zuppa-toscana.html]
[www.bupkis.org/index1c11.html]
[www.bupkis.org/index.php/buying-sashimi-grade-fish.html]
[www.bupkis.org/index.php/make-your-own-sushi/gyoza-dipping-sauce.html]
[www.bupkis.org/index.php/seared-tuna-garlic-chipotle.html]
[www.bupkis.org/index.php/make-your-own-sushi/seasoned-vinegar.html]
[www.bupkis.org/index.php/sushi-rice.html]
[www.bupkis.org/index.php/recipes-2/drinks/coffee-freshly-ground-freshly-brewed.html]
[www.bupkis.org/index.php/egg-cream-home-made-chocolate-soda.html]
[www.bupkis.org/index.php/recipes-2/drinks/great-party-sangria.html]
[www.bupkis.org/index.php/recipes-2/dessert/chocolate-chunk-cookies.html]
[www.bupkis.org/index.php/recipes-2/dessert/hamentashen.html]
[www.bupkis.org/index.php/got-cpap.html]
[www.bupkis.org/index.php/what-is-bupkis.html]
[www.bupkis.org/index.php/about-this-website.html]
[www.bupkis.org/index.php/sams-dog-food.html]
[www.bupkis.org/index.php/wp-json/wp/v2/pages/1054.html]
[www.bupkis.org/indexd030.html]
[www.bupkis.org/index.php/wp-json/oembed/1.0/embedefa0.html]
[www.bupkis.org/index.php/wp-json/oembed/1.0/embed8351.html]
[www.bupkis.org/index.php/wp-json/wp/v2/pages/5387.html]
[www.bupkis.org/indexd7dd.html]
[www.bupkis.org/index.php/wp-json/oembed/1.0/embed15da.html]
[www.bupkis.org/index.php/wp-json/oembed/1.0/embede356.html]
[www.bupkis.org/index.php/wp-json/wp/v2/pages/294.html]
[www.bupkis.org/indexe2aa.html]
[www.bupkis.org/index.php/wp-json/oembed/1.0/embedb36a.html]
[www.bupkis.org/index.php/wp-json/oembed/1.0/embed8c99.html]
[www.bupkis.org/index.php/wp-json/wp/v2/pages/308.html]
[www.bupkis.org/indexf454.html]
[www.bupkis.org/index.php/wp-json/oembed/1.0/embed49f0.html]
[www.bupkis.org/index.php/wp-json/oembed/1.0/embed58a6.html]
[www.bupkis.org/index.php/wp-json/wp/v2/pages/305.html]
[www.bupkis.org/index4720.html]
[www.bupkis.org/index.php/wp-json/oembed/1.0/embedf43c.html]
[www.bupkis.org/index.php/wp-json/oembed/1.0/embedb22b.html]
[www.bupkis.org/index.php/home/russell.html]
[www.bupkis.org/index.php/wp-json/wp/v2/pages/185.html]
[www.bupkis.org/indexb998.html]
[www.bupkis.org/index.php/wp-json/oembed/1.0/embed69ff.html]
[www.bupkis.org/index.php/wp-json/oembed/1.0/embed7d7a.html]
[www.bupkis.org/index.php/wp-json/wp/v2/pages/169.html]
[www.bupkis.org/indexff23.html]
[www.bupkis.org/index.php/wp-json/oembed/1.0/embed1e0b.html]
[www.bupkis.org/index.php/wp-json/oembed/1.0/embed9064.html]
[www.bupkis.org/index.php/wp-json/wp/v2/pages/162.html]
[www.bupkis.org/indexbbc7.html]
[www.bupkis.org/index.php/wp-json/oembed/1.0/embedf45a.html]
[www.bupkis.org/index.php/wp-json/oembed/1.0/embedc5e6.html]
[www.bupkis.org/index.php/wp-json/wp/v2/pages/176.html]
[www.bupkis.org/index3440.html]
[www.bupkis.org/index.php/wp-json/oembed/1.0/embed1e48.html]
[www.bupkis.org/index.php/wp-json/oembed/1.0/embed2e36.html]
[www.bupkis.org/index.php/pizza-index/pizza-dough.html]
[www.bupkis.org/baking-steel-outbound-link.html]
[www.bupkis.org/index.php/wp-json/wp/v2/pages/182.html]
[www.bupkis.org/index7b17.html]
[www.bupkis.org/index.php/wp-json/oembed/1.0/embed521a.html]
[www.bupkis.org/index.php/wp-json/oembed/1.0/embed0d51.html]
[www.bupkis.org/index.php/wp-json/wp/v2/pages/179.html]
[www.bupkis.org/indexccf8.html]
[www.bupkis.org/index.php/wp-json/oembed/1.0/embedf3b9.html]
[www.bupkis.org/index.php/wp-json/oembed/1.0/embedb561.html]
[www.bupkis.org/index.php/favorites/basil-pesto.html]
[www.bupkis.org/index.php/wp-json/wp/v2/pages/1032.html]
[www.bupkis.org/index5579.html]
[www.bupkis.org/index.php/wp-json/oembed/1.0/embed7265.html]
[www.bupkis.org/index.php/wp-json/oembed/1.0/embed3d0a.html]
[www.bupkis.org/index.php/wp-json/wp/v2/pages/132.html]
[www.bupkis.org/index31a3.html]
[www.bupkis.org/index.php/wp-json/oembed/1.0/embed4dbe.html]
[www.bupkis.org/index.php/wp-json/oembed/1.0/embedb38b.html]
[www.bupkis.org/index.php/wp-json/wp/v2/pages/123.html]
[www.bupkis.org/indexb8c4.html]
[www.bupkis.org/index.php/wp-json/oembed/1.0/embed9f60.html]
[www.bupkis.org/index.php/wp-json/oembed/1.0/embeda20f.html]
[www.bupkis.org/index.php/wp-json/wp/v2/pages/4030.html]
[www.bupkis.org/indexebb3.html]
[www.bupkis.org/index.php/wp-json/oembed/1.0/embed7d23.html]
[www.bupkis.org/index.php/wp-json/oembed/1.0/embed298c.html]
[www.bupkis.org/index.php/wp-json/wp/v2/pages/2427.html]
[www.bupkis.org/indexc5de.html]
[www.bupkis.org/index.php/wp-json/oembed/1.0/embed49d3.html]
[www.bupkis.org/index.php/wp-json/oembed/1.0/embeda478.html]
[www.bupkis.org/index.php/wp-json/wp/v2/pages/2958.html]
[www.bupkis.org/indexc04f.html]
[www.bupkis.org/index.php/wp-json/oembed/1.0/embedc8db.html]
[www.bupkis.org/index.php/wp-json/oembed/1.0/embed089e.html]
[www.bupkis.org/index.php/wp-json/wp/v2/pages/6254.html]
[www.bupkis.org/index79c1.html]
[www.bupkis.org/index.php/wp-json/oembed/1.0/embedf305.html]
[www.bupkis.org/index.php/wp-json/oembed/1.0/embed0d14.html]
[www.bupkis.org/index.php/wp-json/wp/v2/pages/6209.html]
[www.bupkis.org/index3d92.html]
[www.bupkis.org/index.php/wp-json/oembed/1.0/embeda6d0.html]
[www.bupkis.org/index.php/wp-json/oembed/1.0/embed684c.html]
[www.bupkis.org/index.php/wp-json/wp/v2/pages/2677.html]
[www.bupkis.org/indexbee1.html]
[www.bupkis.org/index.php/wp-json/oembed/1.0/embed9ec3.html]
[www.bupkis.org/index.php/wp-json/oembed/1.0/embed8a6c.html]
[www.bupkis.org/index.php/wp-json/wp/v2/pages/159.html]
[www.bupkis.org/indexb950.html]
[www.bupkis.org/index.php/wp-json/oembed/1.0/embedc05d.html]
[www.bupkis.org/index.php/wp-json/oembed/1.0/embed84d5.html]
[www.bupkis.org/index.php/wp-json/wp/v2/pages/554.html]
[www.bupkis.org/index0971.html]
[www.bupkis.org/index.php/wp-json/oembed/1.0/embeda4b3.html]
[www.bupkis.org/index.php/wp-json/oembed/1.0/embed8a15.html]
[www.bupkis.org/index.php/wp-json/wp/v2/pages/3349.html]
[www.bupkis.org/index0e8b.html]
[www.bupkis.org/index.php/wp-json/oembed/1.0/embeddf35.html]
[www.bupkis.org/index.php/wp-json/oembed/1.0/embed6a8f.html]
[www.bupkis.org/index.php/wp-json/wp/v2/pages/129.html]
[www.bupkis.org/index1c00.html]
[www.bupkis.org/index.php/wp-json/oembed/1.0/embedff5e.html]
[www.bupkis.org/index.php/wp-json/oembed/1.0/embed5aff.html]
[www.bupkis.org/index.php/wp-json/wp/v2/pages/3032.html]
[www.bupkis.org/index2116.html]
[www.bupkis.org/index.php/wp-json/oembed/1.0/embede4c3.html]
[www.bupkis.org/index.php/wp-json/oembed/1.0/embed20a2.html]
[www.bupkis.org/index.php/wp-json/wp/v2/pages/6041.html]
[www.bupkis.org/indexa922.html]
[www.bupkis.org/index.php/wp-json/oembed/1.0/embedb260.html]
[www.bupkis.org/index.php/wp-json/oembed/1.0/embed8cd4.html]
[www.bupkis.org/index.php/wp-json/wp/v2/pages/4204.html]
[www.bupkis.org/index381f.html]
[www.bupkis.org/index.php/wp-json/oembed/1.0/embed9937.html]
[www.bupkis.org/index.php/wp-json/oembed/1.0/embedd7db.html]
[www.bupkis.org/index.php/wp-json/wp/v2/pages/4434.html]
[www.bupkis.org/index6412.html]
[www.bupkis.org/index.php/wp-json/oembed/1.0/embed4c1a.html]
[www.bupkis.org/index.php/wp-json/oembed/1.0/embed7745.html]
[www.bupkis.org/index.php/recipes-2/sauces/tahini-sauce.html]
[www.bupkis.org/index.php/wp-json/wp/v2/pages/4636.html]
[www.bupkis.org/index1a90.html]
[www.bupkis.org/index.php/wp-json/oembed/1.0/embed608c.html]
[www.bupkis.org/index.php/wp-json/oembed/1.0/embed2d62.html]
[www.bupkis.org/index.php/wp-json/wp/v2/pages/5119.html]
[www.bupkis.org/indexebd4.html]
[www.bupkis.org/index.php/wp-json/oembed/1.0/embed029c.html]
[www.bupkis.org/index.php/wp-json/oembed/1.0/embed391b.html]
[www.bupkis.org/index.php/wp-json/wp/v2/pages/516.html]
[www.bupkis.org/index3ee1.html]
[www.bupkis.org/index.php/wp-json/oembed/1.0/embed69d1.html]
[www.bupkis.org/index.php/wp-json/oembed/1.0/embedddd5.html]
[www.bupkis.org/index.php/wp-json/wp/v2/pages/65.html]
[www.bupkis.org/index7665.html]
[www.bupkis.org/index.php/wp-json/oembed/1.0/embedb97b.html]
[www.bupkis.org/index.php/wp-json/oembed/1.0/embedd7bb.html]
[www.bupkis.org/index.php/wp-json/wp/v2/pages/80.html]
[www.bupkis.org/indexbde5.html]
[www.bupkis.org/index.php/wp-json/oembed/1.0/embedff17.html]
[www.bupkis.org/index.php/wp-json/oembed/1.0/embed4034.html]
[www.bupkis.org/index.php/wp-json/wp/v2/pages/3190.html]
[www.bupkis.org/indexb202.html]
[www.bupkis.org/index.php/wp-json/oembed/1.0/embed22e2.html]
[www.bupkis.org/index.php/wp-json/oembed/1.0/embedcb24.html]
[www.bupkis.org/index.php/wp-json/wp/v2/pages/45.html]
[www.bupkis.org/index5e74.html]
[www.bupkis.org/index.php/wp-json/oembed/1.0/embedd3b3.html]
[www.bupkis.org/index.php/wp-json/oembed/1.0/embed2543.html]
[www.bupkis.org/index.php/wp-json/wp/v2/pages/12.html]
[www.bupkis.org/index678b.html]
[www.bupkis.org/index.php/wp-json/oembed/1.0/embed976e.html]
[www.bupkis.org/index.php/wp-json/oembed/1.0/embed7922.html]
[www.bupkis.org/index.php/wp-json/wp/v2/pages/18.html]
[www.bupkis.org/index0735.html]
[www.bupkis.org/index.php/wp-json/oembed/1.0/embed242a.html]
[www.bupkis.org/index.php/wp-json/oembed/1.0/embedca9c.html]
[www.bupkis.org/index.php/wp-json/wp/v2/pages/2687.html]
[www.bupkis.org/index4ff7.html]
[www.bupkis.org/index.php/wp-json/oembed/1.0/embedb5bb.html]
[www.bupkis.org/index.php/wp-json/oembed/1.0/embedab58.html]
[www.bupkis.org/index.php/wp-json/wp/v2/pages/5068.html]
[www.bupkis.org/index3b19.html]
[www.bupkis.org/index.php/wp-json/oembed/1.0/embed35bb.html]
[www.bupkis.org/index.php/wp-json/oembed/1.0/embedfbfa.html]
[www.bupkis.org/index.php/wp-json/wp/v2/pages/135.html]
[www.bupkis.org/index86fa.html]
[www.bupkis.org/index.php/wp-json/oembed/1.0/embedb42a.html]
[www.bupkis.org/index.php/wp-json/oembed/1.0/embedf996.html]
[www.bupkis.org/index.php/wp-json/wp/v2/pages/2671.html]
[www.bupkis.org/index0c81.html]
[www.bupkis.org/index.php/wp-json/oembed/1.0/embed9c36.html]
[www.bupkis.org/index.php/wp-json/oembed/1.0/embed7f17.html]
[www.bupkis.org/index.php/wp-json/wp/v2/pages/493.html]
[www.bupkis.org/index7255.html]
[www.bupkis.org/index.php/wp-json/oembed/1.0/embed9d0d.html]
[www.bupkis.org/index.php/wp-json/oembed/1.0/embed6556.html]
[www.bupkis.org/index.php/wp-json/wp/v2/pages/2822.html]
[www.bupkis.org/indexac3e.html]
[www.bupkis.org/index.php/wp-json/oembed/1.0/embed7711.html]
[www.bupkis.org/index.php/wp-json/oembed/1.0/embed724c.html]
[www.bupkis.org/index.php/wp-json/wp/v2/pages/3459.html]
[www.bupkis.org/indexdd5c.html]
[www.bupkis.org/index.php/wp-json/oembed/1.0/embed55f5.html]
[www.bupkis.org/index.php/wp-json/oembed/1.0/embed81a8.html]
[www.bupkis.org/index.php/wp-json/wp/v2/pages/4948.html]
[www.bupkis.org/index5636.html]
[www.bupkis.org/index.php/wp-json/oembed/1.0/embed0b7f.html]
[www.bupkis.org/index.php/wp-json/oembed/1.0/embed9479.html]
[www.bupkis.org/index.php/wp-json/wp/v2/pages/287.html]
[www.bupkis.org/index486a.html]
[www.bupkis.org/index.php/wp-json/oembed/1.0/embeda651.html]
[www.bupkis.org/index.php/wp-json/oembed/1.0/embed1a26.html]
[www.bupkis.org/index.php/wp-json/wp/v2/pages/6055.html]
[www.bupkis.org/index2e65.html]
[www.bupkis.org/index.php/wp-json/oembed/1.0/embedf34d.html]
[www.bupkis.org/index.php/wp-json/oembed/1.0/embede54d.html]
[www.bupkis.org/index.php/wp-json/wp/v2/pages/3316.html]
[www.bupkis.org/index3cb6.html]
[www.bupkis.org/index.php/wp-json/oembed/1.0/embed91d3.html]
[www.bupkis.org/index.php/wp-json/oembed/1.0/embed3331.html]
[www.bupkis.org/index.php/wp-json/wp/v2/pages/2206.html]
[www.bupkis.org/index4887.html]
[www.bupkis.org/index.php/wp-json/oembed/1.0/embed18a2.html]
[www.bupkis.org/index.php/wp-json/oembed/1.0/embed1427.html]
[www.bupkis.org/index.php/wp-json/wp/v2/pages/929.html]
[www.bupkis.org/indexbb46.html]
[www.bupkis.org/index.php/wp-json/oembed/1.0/embed87ae.html]
[www.bupkis.org/index.php/wp-json/oembed/1.0/embed7163.html]
[www.bupkis.org/index.php/wp-json/wp/v2/pages/2103.html]
[www.bupkis.org/indexa1f1.html]
[www.bupkis.org/index.php/wp-json/oembed/1.0/embedbc4d.html]
[www.bupkis.org/index.php/wp-json/oembed/1.0/embed4577.html]
[www.bupkis.org/index.php/wp-json/wp/v2/pages/5764.html]
[www.bupkis.org/index856f.html]
[www.bupkis.org/index.php/wp-json/oembed/1.0/embed800d.html]
[www.bupkis.org/index.php/wp-json/oembed/1.0/embed7526.html]
[www.bupkis.org/index.php/wp-json/wp/v2/pages/5822.html]
[www.bupkis.org/indexaa28.html]
[www.bupkis.org/index.php/wp-json/oembed/1.0/embed0c34.html]
[www.bupkis.org/index.php/wp-json/oembed/1.0/embed3f5a.html]
[www.bupkis.org/index.php/wp-json/wp/v2/pages/165.html]
[www.bupkis.org/index17d5.html]
[www.bupkis.org/index.php/wp-json/oembed/1.0/embed148d.html]
[www.bupkis.org/index.php/wp-json/oembed/1.0/embed249b.html]
[www.bupkis.org/index.php/wp-json/wp/v2/pages/5142.html]
[www.bupkis.org/index9763.html]
[www.bupkis.org/index.php/wp-json/oembed/1.0/embedeeb8.html]
[www.bupkis.org/index.php/wp-json/oembed/1.0/embede633.html]
[www.bupkis.org/index.php/wp-json/wp/v2/pages/152.html]
[www.bupkis.org/index1611.html]
[www.bupkis.org/index.php/wp-json/oembed/1.0/embed549d.html]
[www.bupkis.org/index.php/wp-json/oembed/1.0/embed0ae9.html]
[www.bupkis.org/index.php/wp-json/wp/v2/pages/138.html]
[www.bupkis.org/index1a26.html]
[www.bupkis.org/index.php/wp-json/oembed/1.0/embed11d3.html]
[www.bupkis.org/index.php/wp-json/oembed/1.0/embed8bb4.html]
[www.bupkis.org/index.php/wp-json/wp/v2/pages/35.html]
[www.bupkis.org/index5c90.html]
[www.bupkis.org/index.php/wp-json/oembed/1.0/embedb649.html]
[www.bupkis.org/index.php/wp-json/oembed/1.0/embedf0c4.html]
[www.bupkis.org/index.php/wp-json/wp/v2/pages/4724.html]
[www.bupkis.org/indexf408.html]
[www.bupkis.org/index.php/wp-json/oembed/1.0/embed2e0d.html]
[www.bupkis.org/index.php/wp-json/oembed/1.0/embed657c.html]
[www.bupkis.org/index.php/wp-json/wp/v2/pages/5875.html]
[www.bupkis.org/index452f.html]
[www.bupkis.org/index.php/wp-json/oembed/1.0/embedfd3d.html]
[www.bupkis.org/index.php/wp-json/oembed/1.0/embed9dfb.html]
[www.bupkis.org/index.php/wp-json/wp/v2/pages/5126.html]
[www.bupkis.org/indexaa0a.html]
[www.bupkis.org/index.php/wp-json/oembed/1.0/embedbb46.html]
[www.bupkis.org/index.php/wp-json/oembed/1.0/embedf702.html]
[www.bupkis.org/index.php/wp-json/wp/v2/pages/4223.html]
[www.bupkis.org/index23dd.html]
[www.bupkis.org/index.php/wp-json/oembed/1.0/embedb7e8.html]
[www.bupkis.org/index.php/wp-json/oembed/1.0/embed4ecf.html]
[www.bupkis.org/index.php/wp-json/wp/v2/pages/126.html]
[www.bupkis.org/index4ab3.html]
[www.bupkis.org/index.php/wp-json/oembed/1.0/embed90be.html]
[www.bupkis.org/index.php/wp-json/oembed/1.0/embed3ba9.html]
[www.bupkis.org/index.php/wp-json/wp/v2/pages/4050.html]
[www.bupkis.org/index94fb.html]
[www.bupkis.org/index.php/wp-json/oembed/1.0/embed65ff.html]
[www.bupkis.org/index.php/wp-json/oembed/1.0/embed6043.html]
[www.bupkis.org/index.php/wp-json/wp/v2/pages/4016.html]
[www.bupkis.org/index382a.html]
[www.bupkis.org/index.php/wp-json/oembed/1.0/embed8198.html]
[www.bupkis.org/index.php/wp-json/oembed/1.0/embedab32.html]
[www.bupkis.org/index.php/wp-json/wp/v2/pages/6.html]
[www.bupkis.org/index42dc.html]
[www.bupkis.org/index.php/wp-json/oembed/1.0/embed1dc6.html]
[www.bupkis.org/index.php/wp-json/oembed/1.0/embedc5a7.html]
[www.bupkis.org/index.php/wp-json/wp/v2/pages/2183.html]
[www.bupkis.org/indexbe44.html]
[www.bupkis.org/index.php/wp-json/oembed/1.0/embeda90e.html]
[www.bupkis.org/index.php/wp-json/oembed/1.0/embed57d8.html]
[www.bupkis.org/index.php/wp-json/wp/v2/pages/69.html]
[www.bupkis.org/indexe2dc.html]
[www.bupkis.org/index.php/wp-json/oembed/1.0/embedf908.html]
[www.bupkis.org/index.php/wp-json/oembed/1.0/embed9208.html]
[www.bupkis.org/index.php/wp-json/wp/v2/pages/3262.html]
[www.bupkis.org/indexe2d5.html]
[www.bupkis.org/index.php/wp-json/oembed/1.0/embed2e1e.html]
[www.bupkis.org/index.php/wp-json/oembed/1.0/embed2f22.html]
[www.bupkis.org/index.php/wp-json/wp/v2/pages/441.html]
[www.bupkis.org/indexdf01.html]
[www.bupkis.org/index.php/wp-json/oembed/1.0/embed6697.html]
[www.bupkis.org/index.php/wp-json/oembed/1.0/embedffb6.html]
[www.bupkis.org/index.php/wp-json/wp/v2/pages/2619.html]
[www.bupkis.org/indexadc6.html]
[www.bupkis.org/index.php/wp-json/oembed/1.0/embed2cca.html]
[www.bupkis.org/index.php/wp-json/oembed/1.0/embede754.html]
[www.bupkis.org/index.php/wp-json/wp/v2/pages/32.html]
[www.bupkis.org/index6c46.html]
[www.bupkis.org/index.php/wp-json/oembed/1.0/embedb2fc.html]
[www.bupkis.org/index.php/wp-json/oembed/1.0/embedfa1b.html]
[www.bupkis.org/index.php/wp-json/wp/v2/pages/147.html]
[www.bupkis.org/index2fa7.html]
[www.bupkis.org/index.php/wp-json/oembed/1.0/embed68c5.html]
[www.bupkis.org/index.php/wp-json/oembed/1.0/embedeb5b.html]
[www.bupkis.org/index.php/wp-json/wp/v2/pages/143.html]
[www.bupkis.org/indexdc22.html]
[www.bupkis.org/index.php/wp-json/oembed/1.0/embed6b83.html]
[www.bupkis.org/index.php/wp-json/oembed/1.0/embed98ab.html]
[www.bupkis.org/index.php/wp-json/wp/v2/pages/4487.html]
[www.bupkis.org/indexd508.html]
[www.bupkis.org/index.php/wp-json/oembed/1.0/embedbab2.html]
[www.bupkis.org/index.php/wp-json/oembed/1.0/embed1478.html]
[www.bupkis.org/index.php/wp-json/wp/v2/pages/5012.html]
[www.bupkis.org/indexe389.html]
[www.bupkis.org/index.php/wp-json/oembed/1.0/embed80a5.html]
[www.bupkis.org/index.php/wp-json/oembed/1.0/embedb912.html]
[www.bupkis.org/index.php/wp-json/wp/v2/pages/119.html]
[www.bupkis.org/index7737.html]
[www.bupkis.org/index.php/wp-json/oembed/1.0/embedc2e7.html]
[www.bupkis.org/index.php/wp-json/oembed/1.0/embedbf61.html]
[www.bupkis.org/index.php/wp-json/wp/v2/pages/4898.html]
[www.bupkis.org/index1ac3.html]
[www.bupkis.org/index.php/wp-json/oembed/1.0/embed2be9.html]
[www.bupkis.org/index.php/wp-json/oembed/1.0/embed4168.html]
[www.bupkis.org/index.php/wp-json/wp/v2/pages/2551.html]
[www.bupkis.org/index3a58.html]
[www.bupkis.org/index.php/wp-json/oembed/1.0/embed7ae8.html]
[www.bupkis.org/index.php/wp-json/oembed/1.0/embed454d.html]
[www.bupkis.org/index.php/wp-json/wp/v2/pages/1662.html]
[www.bupkis.org/index9389.html]
[www.bupkis.org/index.php/wp-json/oembed/1.0/embed6b35.html]
[www.bupkis.org/index.php/wp-json/oembed/1.0/embed0ca3.html]
[www.bupkis.org/index.php/wp-json/wp/v2/pages/2807.html]
[www.bupkis.org/index5364.html]
[www.bupkis.org/index.php/wp-json/oembed/1.0/embed79ea.html]
[www.bupkis.org/index.php/wp-json/oembed/1.0/embed906d.html]
[www.bupkis.org/index.php/wp-json/wp/v2/pages/3303.html]
[www.bupkis.org/index389e.html]
[www.bupkis.org/index.php/wp-json/oembed/1.0/embedab2b.html]
[www.bupkis.org/index.php/wp-json/oembed/1.0/embed6d39.html]
[www.bupkis.org/index.php/wp-json/wp/v2/pages/461.html]
[www.bupkis.org/indexfe24.html]
[www.bupkis.org/index.php/wp-json/oembed/1.0/embedde34.html]
[www.bupkis.org/index.php/wp-json/oembed/1.0/embed4d58.html]
[www.bupkis.org/index.php/wp-json/wp/v2/pages/4407.html]
[www.bupkis.org/index028b.html]
[www.bupkis.org/index.php/wp-json/oembed/1.0/embede5ad.html]
[www.bupkis.org/index.php/wp-json/oembed/1.0/embede9c0.html]
[www.bupkis.org/index.php/wp-json/wp/v2/pages/5919.html]
[www.bupkis.org/index5646.html]
[www.bupkis.org/index.php/wp-json/oembed/1.0/embedcb76.html]
[www.bupkis.org/index.php/wp-json/oembed/1.0/embed1c40.html]
[www.bupkis.org/index.php/wp-json/wp/v2/pages/2217.html]
[www.bupkis.org/indexe1a1.html]
[www.bupkis.org/index.php/wp-json/oembed/1.0/embedcf45.html]
[www.bupkis.org/index.php/wp-json/oembed/1.0/embed034f.html]
[www.bupkis.org/index.php/wp-json/wp/v2/pages/330.html]
[www.bupkis.org/index1639.html]
[www.bupkis.org/index.php/wp-json/oembed/1.0/embed67a5.html]
[www.bupkis.org/index.php/wp-json/oembed/1.0/embed60be.html]
[www.bupkis.org/index.php/wp-json/wp/v2/pages/338.html]
[www.bupkis.org/indexbcd6.html]
[www.bupkis.org/index.php/wp-json/oembed/1.0/embed235c.html]
[www.bupkis.org/index.php/wp-json/oembed/1.0/embed6a08.html]
[www.bupkis.org/index.php/wp-json/wp/v2/pages/54.html]
[www.bupkis.org/indexcc0f.html]
[www.bupkis.org/index.php/wp-json/oembed/1.0/embed03ea.html]
[www.bupkis.org/index.php/wp-json/oembed/1.0/embed6d79.html]
[www.bupkis.org/index.php/recipes-2/make-your-own-sushi/sushi-rice.html]
[www.bupkis.org/index.php/wp-json/wp/v2/pages/333.html]
[www.bupkis.org/indexf604.html]
[www.bupkis.org/index.php/wp-json/oembed/1.0/embed2fda.html]
[www.bupkis.org/index.php/wp-json/oembed/1.0/embed00a2.html]
[www.bupkis.org/index.php/wp-json/wp/v2/pages/335.html]
[www.bupkis.org/index5294.html]
[www.bupkis.org/index.php/wp-json/oembed/1.0/embedaca1.html]
[www.bupkis.org/index.php/wp-json/oembed/1.0/embeddfc5.html]
[www.bupkis.org/index.php/recipes-2/drinks/coffee-freshly-ground-freshly-brewed/feed.html]
[www.bupkis.org/index.php/wp-json/wp/v2/pages/2581.html]
[www.bupkis.org/index2973.html]
[www.bupkis.org/index.php/wp-json/oembed/1.0/embed6509.html]
[www.bupkis.org/index.php/wp-json/oembed/1.0/embed413f.html]
[www.bupkis.org/xmlrpc.html]
[www.bupkis.org/index.php/wp-json/wp/v2/pages/4778.html]
[www.bupkis.org/indexc42e.html]
[www.bupkis.org/index.php/wp-json/oembed/1.0/embed4b03.html]
[www.bupkis.org/index.php/wp-json/oembed/1.0/embed2d13.html]
[www.bupkis.org/index.php/wp-json/wp/v2/pages/74.html]
[www.bupkis.org/index49a5.html]
[www.bupkis.org/index.php/wp-json/oembed/1.0/embed1bf3.html]
[www.bupkis.org/index.php/wp-json/oembed/1.0/embedea89.html]
[www.bupkis.org/index.php/wp-json/wp/v2/pages/6072.html]
[www.bupkis.org/indexe95a.html]
[www.bupkis.org/index.php/wp-json/oembed/1.0/embede634.html]
[www.bupkis.org/index.php/wp-json/oembed/1.0/embedf368.html]
[www.bupkis.org/index.php/wp-json/wp/v2/pages/760.html]
[www.bupkis.org/index1c40.html]
[www.bupkis.org/index.php/wp-json/oembed/1.0/embed51b3.html]
[www.bupkis.org/index.php/wp-json/oembed/1.0/embed7968.html]
[www.bupkis.org/index.php/wp-json/wp/v2/pages/4465.html]
[www.bupkis.org/indexf2a5.html]
[www.bupkis.org/index.php/wp-json/oembed/1.0/embed5a2d.html]
[www.bupkis.org/index.php/wp-json/oembed/1.0/embed9992.html]
[www.bupkis.org/index.php/epworth-sleepiness-test.html]
[www.bupkis.org/index.php/wp-json/wp/v2/pages/743.html]
[www.bupkis.org/index2812.html]
[www.bupkis.org/index.php/wp-json/oembed/1.0/embed943c.html]
[www.bupkis.org/index.php/wp-json/oembed/1.0/embeda03f.html]
[www.bupkis.org/index.php/wp-json/wp/v2/pages/6241.html]
[www.bupkis.org/index8769.html]
[www.bupkis.org/index.php/wp-json/oembed/1.0/embedd246.html]
[www.bupkis.org/index.php/wp-json/oembed/1.0/embedc666.html]
[www.terrys-service.com/wp-content/uploads/TerryMakingLatkes.html]
[www.bupkis.org/index.php/wp-json/wp/v2/pages/4212.html]
[www.bupkis.org/index80e2.html]
[www.bupkis.org/index.php/wp-json/oembed/1.0/embed0b0d.html]
[www.bupkis.org/index.php/wp-json/oembed/1.0/embedd942.html]
[www.bupkis.org/cnyspca-outbound-link.html]
[www.bupkis.org/PSP-outbound-link.html]
[www.bupkis.org/quarrysidevet-outbound-link.html]
[www.bupkis.org/index.php/friends/molson/russell.html]
[www.bupkis.org/index.php/wp-json/wp/v2/pages/4451.html]
[www.bupkis.org/index5576.html]
[www.bupkis.org/index.php/wp-json/oembed/1.0/embed9736.html]
[www.bupkis.org/index.php/wp-json/oembed/1.0/embed51cd.html]
[www.bupkis.org/index.php/wp-json/wp/v2/pages/4540.html]
[www.bupkis.org/indexac6e.html]
[www.bupkis.org/index.php/wp-json/oembed/1.0/embedca1e.html]
[www.bupkis.org/index.php/wp-json/oembed/1.0/embedce79.html]
[www.bupkis.org/index.php/wp-json/wp/v2/media/299.html]
[www.bupkis.org/indexbc9e.html]
[www.bupkis.org/index.php/wp-json/oembed/1.0/embedcd40.html]
[www.bupkis.org/index.php/wp-json/oembed/1.0/embedb3db.html]
[www.bupkis.org/wp-includes/css/dist/block-library/style.min9704.css]
[www.bupkis.org/wp-content/themes/generatepress/assets/css/unsemantic-grid.min9d52.css]
[www.bupkis.org/wp-content/themes/generatepress/assets/css/style.min9d52.css]
[www.bupkis.org/wp-content/uploads/challah_cropped-e1612472285967.jpg]
[www.bupkis.org/wp-content/themes/generatepress/assets/css/mobile.min9d52.css]
[www.bupkis.org/wp-content/themes/generatepress/assets/css/components/font-icons.min9d52.css]
[www.bupkis.org/index.php/wp-json/oembed/1.0/embed95a8.json]
[www.bupkis.org/wp-content/uploads/Pozole-1024x664.jpg]
[www.bupkis.org/wp-content/uploads/bupkis.dotorg.zip]
[www.bupkis.org/wp-content/themes/generatepress/assets/js/menu.min9d52.js]
[www.bupkis.org/wp-content/themes/generatepress/assets/js/navigation-search.min9d52.js]
[www.bupkis.org/wp-content/themes/generatepress/assets/js/back-to-top.min9d52.js]
[www.bupkis.org/wp-content/uploads/KitchenBookshelf-1024x815.html]
[www.bupkis.org/wp-content/uploads/molson.html]
[www.bupkis.org/wp-content/uploads/russell.html]
[www.bupkis.org/wp-content/uploads/Sammi-Snoozin.html]
[www.bupkis.org/wp-content/uploads/Sammi-Snoozin-1024x797.html]
[www.bupkis.org/wp-content/uploads/tc-big-pizza-transparentBG1.html]
[www.bupkis.org/wp-content/uploads/tc-pizza-transparentBG-300x168.html]
[www.bupkis.org/wp-content/uploads/tc-big-pizza-transparentBG.html]
[www.bupkis.org/wp-content/uploads/tc-pizza-transparentBG21.html]
[www.bupkis.org/wp-content/uploads/TerryMakingLatkes-210x300.html]
[www.bupkis.org/wp-content/uploads/BakedStuffedShells.html]
[www.bupkis.org/wp-content/uploads/chicken-sausage-gumbo-ellb1002_hor.html]
[www.bupkis.org/wp-content/uploads/P1010251_2.html]
[www.bupkis.org/wp-content/uploads/P1010251_2-300x225.html]
[www.bupkis.org/wp-content/uploads/Potato_masher.html]
[www.bupkis.org/wp-content/uploads/popcorn.html]
[www.bupkis.org/wp-content/uploads/tramontina-22-quart-stainless-steel-stockpot-300x300.html]
[www.bupkis.org/wp-content/uploads/IMG_20200601_180556974-scaled-e1606330597116.html]
[www.bupkis.org/wp-content/uploads/CrustyItalianLoaf.html]
[www.bupkis.org/wp-content/uploads/CrumbShot.html]
[www.bupkis.org/wp-content/uploads/challah_cropped.html]
[www.bupkis.org/wp-content/uploads/challah_cropped-1024x292.html]
[www.bupkis.org/wp-content/uploads/ciabatta.html]
[www.bupkis.org/wp-content/uploads/popover_hand_800.html]
[www.bupkis.org/wp-content/uploads/chili_garlic_mustard-300x277.html]
[www.bupkis.org/wp-content/uploads/samsclub_roasted_chicken-300x300.html]
[www.bupkis.org/wp-content/uploads/zuppa_toscana-300x274.html]
[www.bupkis.org/wp-content/uploads/terry_carmen_sushi-1024x531.html]
[www.bupkis.org/wp-content/uploads/IMG_20170408_161322-579x1024.html]
[www.bupkis.org/wp-content/uploads/IMG_20170408_160448-579x1024.html]
[www.bupkis.org/wp-content/uploads/IMG_20170408_160534-579x1024.html]
[www.bupkis.org/wp-content/uploads/IMG_20170408_160946-579x1024.html]
[www.bupkis.org/wp-content/uploads/IMG_20170408_161156-579x1024.html]
[www.bupkis.org/wp-content/uploads/IMG_20170408_161219-579x1024.html]
[www.bupkis.org/wp-content/uploads/Chocolate-Cunk-Cookies-300x259.html]
[www.bupkis.org/wp-content/uploads/h93Xaksl.html]
[www.bupkis.org/wp-content/uploads/cpap_comic.html]
[www.bupkis.org/wp-content/uploads/sammi-sleeping-on-couch.html]
[www.bupkis.org/wp-content/uploads/sammi-sleeping-on-couch-300x286.html]
[www.bupkis.org/wp-content/uploads/Potato_masher-150x150.html]
[www.bupkis.org/wp-content/uploads/russell-300x199.html]
[www.bupkis.org/wp-content/themes/generatepress/assets/fonts/generatepress.html]
[www.bupkis.org/wp-content/themes/generatepress/assets/fonts/generatepress-2.html]
[www.bupkis.org/wp-content/themes/generatepress/assets/fonts/generatepress-3.html]
[www.bupkis.org/wp-content/themes/generatepress/assets/fonts/generatepress-4.html]
[www.bupkis.org/wp-content/themes/generatepress/assets/fonts/generatepress-5.html]
